app/build/intermediates/manifest_merge_blame_file/debug/manifest-merger-blame-debug-report.txt
1<?xml version="1.0" encoding="utf-8"?>
2<manifest xmlns:android="http://schemas.android.com/apk/res/android"
3    package="com.example.easypark"
4    android:versionCode="1"
5    android:versionName="1.0" >
6
7    <uses-sdk
8        android:minSdkVersion="21"
8-->src\main\AndroidManifest.xml
9        android:targetSdkVersion="30" />
9-->src\main\AndroidManifest.xml
10
11    <uses-permission android:name="android.permission.INTERNET" />
11-->src\main\AndroidManifest.xml:5:5-67
11-->src\main\AndroidManifest.xml:5:22-64
12    <uses-permission android:name="android.permission.ACCESS_NETWORK_STATE" />
12-->[com.google.firebase:firebase-auth:21.0.1] AndroidManifest.xml:24:5-79
12-->[com.google.firebase:firebase-auth:21.0.1] AndroidManifest.xml:24:22-76
13    <uses-permission android:name="android.permission.WAKE_LOCK" />
13-->[com.google.android.gms:play-services-measurement:19.0.0] AndroidManifest.xml:25:5-68
13-->[com.google.android.gms:play-services-measurement:19.0.0] AndroidManifest.xml:25:22-65
14    <uses-permission android:name="com.google.android.finsky.permission.BIND_GET_INSTALL_REFERRER_SERVICE" />
14-->[com.google.android.gms:play-services-measurement:19.0.0] AndroidManifest.xml:26:5-110
14-->[com.google.android.gms:play-services-measurement:19.0.0] AndroidManifest.xml:26:22-107
15
16    <application
16-->src\main\AndroidManifest.xml:7:5-24:19
17        android:allowBackup="true"
17-->src\main\AndroidManifest.xml:8:9-35
18        android:appComponentFactory="androidx.core.app.CoreComponentFactory"
18-->[androidx.core:core:1.5.0] AndroidManifest.xml:24:18-86
19        android:debuggable="true"
20        android:icon="@mipmap/ic_launcher"
20-->src\main\AndroidManifest.xml:9:9-43
21        android:label="@string/app_name"
21-->src\main\AndroidManifest.xml:10:9-41
22        android:roundIcon="@mipmap/ic_launcher_round"
22-->src\main\AndroidManifest.xml:11:9-54
23        android:supportsRtl="true"
23-->src\main\AndroidManifest.xml:12:9-35
24        android:theme="@style/Theme.EasyPark" >
24-->src\main\AndroidManifest.xml:13:9-46
25        <activity android:name="com.example.easypark.LogOut" />
25-->src\main\AndroidManifest.xml:14:9-53
25-->src\main\AndroidManifest.xml:14:19-41
26        <activity android:name="com.example.easypark.Home" />
26-->src\main\AndroidManifest.xml:15:9-42
26-->src\main\AndroidManifest.xml:15:19-39
27        <activity android:name="com.example.easypark.Signup" />
27-->src\main\AndroidManifest.xml:16:9-44
27-->src\main\AndroidManifest.xml:16:19-41
28        <activity android:name="com.example.easypark.MainActivity" >
28-->src\main\AndroidManifest.xml:17:9-23:20
28-->src\main\AndroidManifest.xml:17:19-47
29            <intent-filter>
29-->src\main\AndroidManifest.xml:18:13-22:29
30                <action android:name="android.intent.action.MAIN" />
30-->src\main\AndroidManifest.xml:19:17-69
30-->src\main\AndroidManifest.xml:19:25-66
31
32                <category android:name="android.intent.category.LAUNCHER" />
32-->src\main\AndroidManifest.xml:21:17-77
32-->src\main\AndroidManifest.xml:21:27-74
33            </intent-filter>
34        </activity>
35        <activity
35-->[com.google.firebase:firebase-auth:21.0.1] AndroidManifest.xml:27:9-44:20
36            android:name="com.google.firebase.auth.internal.GenericIdpActivity"
36-->[com.google.firebase:firebase-auth:21.0.1] AndroidManifest.xml:28:13-80
37            android:excludeFromRecents="true"
37-->[com.google.firebase:firebase-auth:21.0.1] AndroidManifest.xml:29:13-46
38            android:exported="true"
38-->[com.google.firebase:firebase-auth:21.0.1] AndroidManifest.xml:30:13-36
39            android:launchMode="singleTask"
39-->[com.google.firebase:firebase-auth:21.0.1] AndroidManifest.xml:31:13-44
40            android:theme="@android:style/Theme.Translucent.NoTitleBar" >
40-->[com.google.firebase:firebase-auth:21.0.1] AndroidManifest.xml:32:13-72
41            <intent-filter>
41-->[com.google.firebase:firebase-auth:21.0.1] AndroidManifest.xml:33:13-43:29
42                <action android:name="android.intent.action.VIEW" />
42-->[com.google.firebase:firebase-auth:21.0.1] AndroidManifest.xml:34:17-69
42-->[com.google.firebase:firebase-auth:21.0.1] AndroidManifest.xml:34:25-66
43
44                <category android:name="android.intent.category.DEFAULT" />
44-->[com.google.firebase:firebase-auth:21.0.1] AndroidManifest.xml:36:17-76
44-->[com.google.firebase:firebase-auth:21.0.1] AndroidManifest.xml:36:27-73
45                <category android:name="android.intent.category.BROWSABLE" />
45-->[com.google.firebase:firebase-auth:21.0.1] AndroidManifest.xml:37:17-78
45-->[com.google.firebase:firebase-auth:21.0.1] AndroidManifest.xml:37:27-75
46
47                <data
47-->[com.google.firebase:firebase-auth:21.0.1] AndroidManifest.xml:39:17-42:51
48                    android:host="firebase.auth"
48-->[com.google.firebase:firebase-auth:21.0.1] AndroidManifest.xml:40:21-49
49                    android:path="/"
49-->[com.google.firebase:firebase-auth:21.0.1] AndroidManifest.xml:41:21-37
50                    android:scheme="genericidp" />
50-->[com.google.firebase:firebase-auth:21.0.1] AndroidManifest.xml:42:21-48
51            </intent-filter>
52        </activity>
53        <activity
53-->[com.google.firebase:firebase-auth:21.0.1] AndroidManifest.xml:45:9-62:20
54            android:name="com.google.firebase.auth.internal.RecaptchaActivity"
54-->[com.google.firebase:firebase-auth:21.0.1] AndroidManifest.xml:46:13-79
55            android:excludeFromRecents="true"
55-->[com.google.firebase:firebase-auth:21.0.1] AndroidManifest.xml:47:13-46
56            android:exported="true"
56-->[com.google.firebase:firebase-auth:21.0.1] AndroidManifest.xml:48:13-36
57            android:launchMode="singleTask"
57-->[com.google.firebase:firebase-auth:21.0.1] AndroidManifest.xml:49:13-44
58            android:theme="@android:style/Theme.Translucent.NoTitleBar" >
58-->[com.google.firebase:firebase-auth:21.0.1] AndroidManifest.xml:50:13-72
59            <intent-filter>
59-->[com.google.firebase:firebase-auth:21.0.1] AndroidManifest.xml:51:13-61:29
60                <action android:name="android.intent.action.VIEW" />
60-->[com.google.firebase:firebase-auth:21.0.1] AndroidManifest.xml:34:17-69
60-->[com.google.firebase:firebase-auth:21.0.1] AndroidManifest.xml:34:25-66
61
62                <category android:name="android.intent.category.DEFAULT" />
62-->[com.google.firebase:firebase-auth:21.0.1] AndroidManifest.xml:36:17-76
62-->[com.google.firebase:firebase-auth:21.0.1] AndroidManifest.xml:36:27-73
63                <category android:name="android.intent.category.BROWSABLE" />
63-->[com.google.firebase:firebase-auth:21.0.1] AndroidManifest.xml:37:17-78
63-->[com.google.firebase:firebase-auth:21.0.1] AndroidManifest.xml:37:27-75
64
65                <data
65-->[com.google.firebase:firebase-auth:21.0.1] AndroidManifest.xml:39:17-42:51
66                    android:host="firebase.auth"
66-->[com.google.firebase:firebase-auth:21.0.1] AndroidManifest.xml:40:21-49
67                    android:path="/"
67-->[com.google.firebase:firebase-auth:21.0.1] AndroidManifest.xml:41:21-37
68                    android:scheme="recaptcha" />
68-->[com.google.firebase:firebase-auth:21.0.1] AndroidManifest.xml:42:21-48
69            </intent-filter>
70        </activity>
71
72        <service
72-->[com.google.firebase:firebase-auth:21.0.1] AndroidManifest.xml:64:9-73:19
73            android:name="com.google.firebase.auth.api.fallback.service.FirebaseAuthFallbackService"
73-->[com.google.firebase:firebase-auth:21.0.1] AndroidManifest.xml:65:13-101
74            android:enabled="true"
74-->[com.google.firebase:firebase-auth:21.0.1] AndroidManifest.xml:66:13-35
75            android:exported="false" >
75-->[com.google.firebase:firebase-auth:21.0.1] AndroidManifest.xml:67:13-37
76            <intent-filter>
76-->[com.google.firebase:firebase-auth:21.0.1] AndroidManifest.xml:68:13-72:29
77                <action android:name="com.google.firebase.auth.api.gms.service.START" />
77-->[com.google.firebase:firebase-auth:21.0.1] AndroidManifest.xml:69:17-89
77-->[com.google.firebase:firebase-auth:21.0.1] AndroidManifest.xml:69:25-86
78
79                <category android:name="android.intent.category.DEFAULT" />
79-->[com.google.firebase:firebase-auth:21.0.1] AndroidManifest.xml:36:17-76
79-->[com.google.firebase:firebase-auth:21.0.1] AndroidManifest.xml:36:27-73
80            </intent-filter>
81        </service>
82        <service
82-->[com.google.firebase:firebase-auth:21.0.1] AndroidManifest.xml:74:9-80:19
83            android:name="com.google.firebase.components.ComponentDiscoveryService"
83-->[com.google.firebase:firebase-auth:21.0.1] AndroidManifest.xml:75:13-84
84            android:directBootAware="true"
84-->[com.google.firebase:firebase-common:20.0.0] AndroidManifest.xml:35:13-43
85            android:exported="false" >
85-->[com.google.firebase:firebase-auth:21.0.1] AndroidManifest.xml:76:13-37
86            <meta-data
86-->[com.google.firebase:firebase-auth:21.0.1] AndroidManifest.xml:77:13-79:85
87                android:name="com.google.firebase.components:com.google.firebase.auth.FirebaseAuthRegistrar"
87-->[com.google.firebase:firebase-auth:21.0.1] AndroidManifest.xml:78:17-109
88                android:value="com.google.firebase.components.ComponentRegistrar" />
88-->[com.google.firebase:firebase-auth:21.0.1] AndroidManifest.xml:79:17-82
89            <meta-data
89-->[com.google.firebase:firebase-firestore:23.0.1] AndroidManifest.xml:20:13-22:85
90                android:name="com.google.firebase.components:com.google.firebase.firestore.FirestoreRegistrar"
90-->[com.google.firebase:firebase-firestore:23.0.1] AndroidManifest.xml:21:17-111
91                android:value="com.google.firebase.components.ComponentRegistrar" />
91-->[com.google.firebase:firebase-firestore:23.0.1] AndroidManifest.xml:22:17-82
92            <meta-data
92-->[com.google.firebase:firebase-database:20.0.3] AndroidManifest.xml:32:13-34:85
93                android:name="com.google.firebase.components:com.google.firebase.database.DatabaseRegistrar"
93-->[com.google.firebase:firebase-database:20.0.3] AndroidManifest.xml:33:17-109
94                android:value="com.google.firebase.components.ComponentRegistrar" />
94-->[com.google.firebase:firebase-database:20.0.3] AndroidManifest.xml:34:17-82
95            <meta-data
95-->[com.google.android.gms:play-services-measurement-api:19.0.0] AndroidManifest.xml:30:13-32:85
96                android:name="com.google.firebase.components:com.google.firebase.analytics.connector.internal.AnalyticsConnectorRegistrar"
96-->[com.google.android.gms:play-services-measurement-api:19.0.0] AndroidManifest.xml:31:17-139
97                android:value="com.google.firebase.components.ComponentRegistrar" />
97-->[com.google.android.gms:play-services-measurement-api:19.0.0] AndroidManifest.xml:32:17-82
98            <meta-data
98-->[com.google.firebase:firebase-installations:17.0.0] AndroidManifest.xml:18:13-20:85
99                android:name="com.google.firebase.components:com.google.firebase.installations.FirebaseInstallationsRegistrar"
99-->[com.google.firebase:firebase-installations:17.0.0] AndroidManifest.xml:19:17-127
100                android:value="com.google.firebase.components.ComponentRegistrar" />
100-->[com.google.firebase:firebase-installations:17.0.0] AndroidManifest.xml:20:17-82
101        </service>
102
103        <activity
103-->[com.google.android.gms:play-services-base:17.1.0] AndroidManifest.xml:23:9-26:75
104            android:name="com.google.android.gms.common.api.GoogleApiActivity"
104-->[com.google.android.gms:play-services-base:17.1.0] AndroidManifest.xml:24:13-79
105            android:exported="false"
105-->[com.google.android.gms:play-services-base:17.1.0] AndroidManifest.xml:25:13-37
106            android:theme="@android:style/Theme.Translucent.NoTitleBar" />
106-->[com.google.android.gms:play-services-base:17.1.0] AndroidManifest.xml:26:13-72
107
108        <receiver
108-->[com.google.android.gms:play-services-measurement:19.0.0] AndroidManifest.xml:29:9-33:20
109            android:name="com.google.android.gms.measurement.AppMeasurementReceiver"
109-->[com.google.android.gms:play-services-measurement:19.0.0] AndroidManifest.xml:30:13-85
110            android:enabled="true"
110-->[com.google.android.gms:play-services-measurement:19.0.0] AndroidManifest.xml:31:13-35
111            android:exported="false" >
111-->[com.google.android.gms:play-services-measurement:19.0.0] AndroidManifest.xml:32:13-37
112        </receiver>
113
114        <service
114-->[com.google.android.gms:play-services-measurement:19.0.0] AndroidManifest.xml:35:9-38:40
115            android:name="com.google.android.gms.measurement.AppMeasurementService"
115-->[com.google.android.gms:play-services-measurement:19.0.0] AndroidManifest.xml:36:13-84
116            android:enabled="true"
116-->[com.google.android.gms:play-services-measurement:19.0.0] AndroidManifest.xml:37:13-35
117            android:exported="false" />
117-->[com.google.android.gms:play-services-measurement:19.0.0] AndroidManifest.xml:38:13-37
118        <service
118-->[com.google.android.gms:play-services-measurement:19.0.0] AndroidManifest.xml:39:9-43:72
119            android:name="com.google.android.gms.measurement.AppMeasurementJobService"
119-->[com.google.android.gms:play-services-measurement:19.0.0] AndroidManifest.xml:40:13-87
120            android:enabled="true"
120-->[com.google.android.gms:play-services-measurement:19.0.0] AndroidManifest.xml:41:13-35
121            android:exported="false"
121-->[com.google.android.gms:play-services-measurement:19.0.0] AndroidManifest.xml:42:13-37
122            android:permission="android.permission.BIND_JOB_SERVICE" />
122-->[com.google.android.gms:play-services-measurement:19.0.0] AndroidManifest.xml:43:13-69
123
124        <provider
124-->[com.google.firebase:firebase-common:20.0.0] AndroidManifest.xml:26:9-31:39
125            android:name="com.google.firebase.provider.FirebaseInitProvider"
125-->[com.google.firebase:firebase-common:20.0.0] AndroidManifest.xml:27:13-77
126            android:authorities="com.example.easypark.firebaseinitprovider"
126-->[com.google.firebase:firebase-common:20.0.0] AndroidManifest.xml:28:13-72
127            android:directBootAware="true"
127-->[com.google.firebase:firebase-common:20.0.0] AndroidManifest.xml:29:13-43
128            android:exported="false"
128-->[com.google.firebase:firebase-common:20.0.0] AndroidManifest.xml:30:13-37
129            android:initOrder="100" />
129-->[com.google.firebase:firebase-common:20.0.0] AndroidManifest.xml:31:13-36
130
131        <meta-data
131-->[com.google.android.gms:play-services-basement:17.1.0] AndroidManifest.xml:23:9-25:69
132            android:name="com.google.android.gms.version"
132-->[com.google.android.gms:play-services-basement:17.1.0] AndroidManifest.xml:24:13-58
133            android:value="@integer/google_play_services_version" />
133-->[com.google.android.gms:play-services-basement:17.1.0] AndroidManifest.xml:25:13-66
134    </application>
135
136</manifest>